<testsuites id="" name="" tests="37" failures="0" skipped="0" errors="0" time="98.772637">
<testsuite name="auth\login.test.js" timestamp="2025-08-25T13:08:54.864Z" hostname="chromium" tests="8" failures="0" skipped="0" time="31.646" errors="0">
<testcase name="Authentication Module Tests › TC001: Valid Login with Standard User @smoke @regression" classname="auth\login.test.js" time="6.318">
<system-out>
<![CDATA[✅ Found 6 products in catalog
]]>
</system-out>
</testcase>
<testcase name="Authentication Module Tests › TC002: Invalid Login - Wrong Password @regression" classname="auth\login.test.js" time="1.624">
<system-out>
<![CDATA[✅ Correct error message displayed for invalid credentials
]]>
</system-out>
</testcase>
<testcase name="Authentication Module Tests › TC003: Locked Out User Login @regression" classname="auth\login.test.js" time="1.576">
<system-out>
<![CDATA[✅ Locked out user properly blocked
]]>
</system-out>
</testcase>
<testcase name="Authentication Module Tests › TC004: Empty Username Validation @regression" classname="auth\login.test.js" time="1.557">
<system-out>
<![CDATA[✅ Empty username validation working correctly
]]>
</system-out>
</testcase>
<testcase name="Authentication Module Tests › TC005: Empty Password Validation @regression" classname="auth\login.test.js" time="1.63">
<system-out>
<![CDATA[✅ Empty password validation working correctly
]]>
</system-out>
</testcase>
<testcase name="Authentication Module Tests › TC006: Login with Problem User @regression" classname="auth\login.test.js" time="2.658">
<system-out>
<![CDATA[✅ Problem user can login (issues may appear in other functionality)
]]>
</system-out>
</testcase>
<testcase name="Authentication Module Tests › TC007: Performance Glitch User Login @regression" classname="auth\login.test.js" time="8.425">
<system-out>
<![CDATA[⏱️  Login time for performance glitch user: 6767ms
]]>
</system-out>
</testcase>
<testcase name="Authentication Module Tests › TC008: Error Message Clear Functionality @regression" classname="auth\login.test.js" time="7.858">
<system-out>
<![CDATA[✅ Error message cleared successfully
]]>
</system-out>
</testcase>
</testsuite>
<testsuite name="cart\shopping-cart.test.js" timestamp="2025-08-25T13:08:54.864Z" hostname="chromium" tests="7" failures="0" skipped="0" time="53.739" errors="0">
<testcase name="Shopping Cart Module Tests › TC018: View Empty Cart @smoke @regression" classname="cart\shopping-cart.test.js" time="13.235">
<system-out>
<![CDATA[✅ Cart is empty as expected
]]>
</system-out>
</testcase>
<testcase name="Shopping Cart Module Tests › TC019: View Cart with Single Item @smoke @regression" classname="cart\shopping-cart.test.js" time="5.162">
<system-out>
<![CDATA[✅ Cart contains: Sauce Labs Backpack
✅ Product details correct: Sauce Labs Backpack - $29.99 - Qty: 1
]]>
</system-out>
</testcase>
<testcase name="Shopping Cart Module Tests › TC020: View Cart with Multiple Items @regression" classname="cart\shopping-cart.test.js" time="5.011">
<system-out>
<![CDATA[✅ Cart contains all 3 products
✅ Cart total calculated correctly: $55.97
]]>
</system-out>
</testcase>
<testcase name="Shopping Cart Module Tests › TC021: Remove Item from Cart @regression" classname="cart\shopping-cart.test.js" time="6.412">
<system-out>
<![CDATA[✅ Sauce Labs Backpack removed successfully
✅ Cart badge updated correctly
]]>
</system-out>
</testcase>
<testcase name="Shopping Cart Module Tests › TC022: Remove All Items from Cart @regression" classname="cart\shopping-cart.test.js" time="14.685">
<system-out>
<![CDATA[✅ All items removed, cart is empty
✅ Cart badge hidden after removing all items
]]>
</system-out>
</testcase>
<testcase name="Shopping Cart Module Tests › TC023: Cart Persistence Across Navigation @regression" classname="cart\shopping-cart.test.js" time="4.59">
<system-out>
<![CDATA[✅ Cart count persisted across navigation
✅ Cart contents persisted across navigation
]]>
</system-out>
</testcase>
<testcase name="Shopping Cart Module Tests › TC024: Cart Item Quantity Validation @regression" classname="cart\shopping-cart.test.js" time="4.644">
<system-out>
<![CDATA[✅ Product add button correctly shows Remove state
✅ Cart shows single item with correct quantity
]]>
</system-out>
</testcase>
</testsuite>
<testsuite name="checkout\checkout-process.test.js" timestamp="2025-08-25T13:08:54.864Z" hostname="chromium" tests="8" failures="0" skipped="0" time="94.12" errors="0">
<testcase name="Checkout Process Module Tests › TC025: Checkout Step 1 - Valid Information @smoke @regression" classname="checkout\checkout-process.test.js" time="15.985">
<system-out>
<![CDATA[✅ All checkout step 1 elements are present
✅ Successfully proceeded to checkout step 2
]]>
</system-out>
</testcase>
<testcase name="Checkout Process Module Tests › TC026: Checkout Step 1 - Empty First Name Validation @regression" classname="checkout\checkout-process.test.js" time="6.87">
<system-out>
<![CDATA[⚠️ Validation error detected - remaining on checkout step 1
✅ Empty first name validation working correctly
]]>
</system-out>
</testcase>
<testcase name="Checkout Process Module Tests › TC027: Checkout Step 1 - Empty Last Name Validation @regression" classname="checkout\checkout-process.test.js" time="7.938">
<system-out>
<![CDATA[⚠️ Validation error detected - remaining on checkout step 1
✅ Empty last name validation working correctly
]]>
</system-out>
</testcase>
<testcase name="Checkout Process Module Tests › TC028: Checkout Step 1 - Empty Postal Code Validation @regression" classname="checkout\checkout-process.test.js" time="6.367">
<system-out>
<![CDATA[⚠️ Validation error detected - remaining on checkout step 1
✅ Empty postal code validation working correctly
]]>
</system-out>
</testcase>
<testcase name="Checkout Process Module Tests › TC029: Checkout Step 2 - Order Summary Verification @smoke @regression" classname="checkout\checkout-process.test.js" time="12.191">
<system-out>
<![CDATA[✅ All checkout step 2 elements are present
✅ Order summary shows correct items
✅ Price calculations correct: Subtotal: $29.99, Tax: $2.4, Total: $32.39
]]>
</system-out>
</testcase>
<testcase name="Checkout Process Module Tests › TC030: Complete Checkout Process @smoke @regression" classname="checkout\checkout-process.test.js" time="14.449">
<system-out>
<![CDATA[✅ Order completed successfully
✅ Order confirmation page displayed correctly
✅ Complete checkout process successful
]]>
</system-out>
</testcase>
<testcase name="Checkout Process Module Tests › TC031: Checkout with Multiple Items @regression" classname="checkout\checkout-process.test.js" time="14.16">
<system-out>
<![CDATA[✅ Multiple items checkout - Subtotal: $55.97
]]>
</system-out>
</testcase>
<testcase name="Checkout Process Module Tests › TC032: Checkout Cancel Functionality @regression" classname="checkout\checkout-process.test.js" time="16.16">
<system-out>
<![CDATA[✅ Successfully cancelled checkout from step 1
✅ Cart contents preserved after cancellation
✅ Successfully cancelled checkout from step 2
]]>
</system-out>
</testcase>
</testsuite>
<testsuite name="e2e\user-journey.test.js" timestamp="2025-08-25T13:08:54.864Z" hostname="chromium" tests="5" failures="0" skipped="0" time="80.361" errors="0">
<testcase name="End-to-End User Journey Tests › E2E001: Complete Purchase Flow - Single Product @smoke @e2e" classname="e2e\user-journey.test.js" time="18.08">
<system-out>
<![CDATA[⏱️ Login completed in 5006ms
🔍 Product discovery completed in 197ms - Selected: Sauce Labs Onesie
🛒 Product added to cart in 76ms
📋 Cart reviewed in 803ms
📝 Customer information entered in 8075ms
💰 Order total: $8.63 (Subtotal: $7.99, Tax: $0.64)
📊 Order reviewed in 156ms
✅ Purchase completed in 2592ms
🎉 E2E Purchase flow completed successfully

📈 Performance Summary:
   Login: 5006ms
   Product Discovery: 197ms
   Add to Cart: 76ms
   Cart Review: 803ms
   Checkout Step 1: 8075ms
   Order Review: 156ms
   Complete Purchase: 2592ms
   Total E2E Time: 16905ms
]]>
</system-out>
</testcase>
<testcase name="End-to-End User Journey Tests › E2E002: Complete Purchase Flow - Multiple Products @e2e" classname="e2e\user-journey.test.js" time="14.975">
</testcase>
<testcase name="End-to-End User Journey Tests › E2E003: Shopping Experience with Problem User @e2e" classname="e2e\user-journey.test.js" time="12.867">
<system-out>
<![CDATA[⚠️ Problem user can still add products to cart
✅ Problem user can complete purchases (issues are mainly visual)
]]>
</system-out>
</testcase>
<testcase name="End-to-End User Journey Tests › E2E004: Performance Testing with Performance Glitch User @e2e" classname="e2e\user-journey.test.js" time="18.784">
<system-out>
<![CDATA[⏱️ Performance glitch user login time: 7940ms
⏱️ Add to cart interaction time: 89ms
⏱️ Complete checkout time: 10419ms
]]>
</system-out>
</testcase>
<testcase name="End-to-End User Journey Tests › E2E005: Comprehensive Shopping Cart Management @e2e" classname="e2e\user-journey.test.js" time="15.655">
</testcase>
</testsuite>
<testsuite name="inventory\products.test.js" timestamp="2025-08-25T13:08:54.864Z" hostname="chromium" tests="9" failures="0" skipped="0" time="37.374" errors="0">
<testcase name="Product Catalog Module Tests › TC009: Product Catalog Display Verification @smoke @regression" classname="inventory\products.test.js" time="3.228">
<system-out>
<![CDATA[All 6 products displayed correctly
Product verified: Sauce Labs Backpack - $29.99
Product verified: Sauce Labs Bike Light - $9.99
Product verified: Sauce Labs Bolt T-Shirt - $15.99
Product verified: Sauce Labs Fleece Jacket - $49.99
Product verified: Sauce Labs Onesie - $7.99
Product verified: Test.allTheThings() T-Shirt (Red) - $15.99
]]>
</system-out>
</testcase>
<testcase name="Product Catalog Module Tests › TC010: Product Sorting - Name A to Z @regression" classname="inventory\products.test.js" time="3.662">
<system-out>
<![CDATA[Products sorted A-Z correctly: [
  [32m'Sauce Labs Backpack'[39m,
  [32m'Sauce Labs Bike Light'[39m,
  [32m'Sauce Labs Bolt T-Shirt'[39m,
  [32m'Sauce Labs Fleece Jacket'[39m,
  [32m'Sauce Labs Onesie'[39m,
  [32m'Test.allTheThings() T-Shirt (Red)'[39m
]
]]>
</system-out>
</testcase>
<testcase name="Product Catalog Module Tests › TC011: Product Sorting - Name Z to A @regression" classname="inventory\products.test.js" time="4.052">
<system-out>
<![CDATA[Products sorted Z-A correctly: [
  [32m'Test.allTheThings() T-Shirt (Red)'[39m,
  [32m'Sauce Labs Onesie'[39m,
  [32m'Sauce Labs Fleece Jacket'[39m,
  [32m'Sauce Labs Bolt T-Shirt'[39m,
  [32m'Sauce Labs Bike Light'[39m,
  [32m'Sauce Labs Backpack'[39m
]
]]>
</system-out>
</testcase>
<testcase name="Product Catalog Module Tests › TC012: Product Sorting - Price Low to High @regression" classname="inventory\products.test.js" time="3.937">
<system-out>
<![CDATA[Products sorted by price (low to high) correctly
]]>
</system-out>
</testcase>
<testcase name="Product Catalog Module Tests › TC013: Product Sorting - Price High to Low @regression" classname="inventory\products.test.js" time="3.449">
<system-out>
<![CDATA[Products sorted by price (high to low) correctly
]]>
</system-out>
</testcase>
<testcase name="Product Catalog Module Tests › TC014: Add Single Product to Cart @smoke @regression" classname="inventory\products.test.js" time="3.947">
<system-out>
<![CDATA[Cart badge shows correct count: 1
Button text changed to Remove
]]>
</system-out>
</testcase>
<testcase name="Product Catalog Module Tests › TC015: Add Multiple Products to Cart @regression" classname="inventory\products.test.js" time="3.728">
<system-out>
<![CDATA[Cart badge shows correct count: 3
All buttons changed to Remove
]]>
</system-out>
</testcase>
<testcase name="Product Catalog Module Tests › TC016: Remove Product from Cart via Inventory Page @regression" classname="inventory\products.test.js" time="8.093">
<system-out>
<![CDATA[Cart badge hidden after removing all items
Button text changed back to Add to Cart
]]>
</system-out>
</testcase>
<testcase name="Product Catalog Module Tests › TC017: Product Image Display @regression" classname="inventory\products.test.js" time="3.278">
<system-out>
<![CDATA[Image verified: https://www.saucedemo.com/v1/img/sauce-backpack-1200x1500.jpg
Image verified: https://www.saucedemo.com/v1/img/bike-light-1200x1500.jpg
Image verified: https://www.saucedemo.com/v1/img/bolt-shirt-1200x1500.jpg
Image verified: https://www.saucedemo.com/v1/img/sauce-pullover-1200x1500.jpg
Image verified: https://www.saucedemo.com/v1/img/red-onesie-1200x1500.jpg
Image verified: https://www.saucedemo.com/v1/img/red-tatt-1200x1500.jpg
Found images: [33m6[39m
Image details: [
  {
    src: [32m'https://www.saucedemo.com/v1/img/sauce-backpack-1200x1500.jpg'[39m,
    alt: [32m''[39m,
    complete: [33mtrue[39m,
    naturalWidth: [33m1200[39m,
    naturalHeight: [33m1500[39m
  },
  {
    src: [32m'https://www.saucedemo.com/v1/img/bike-light-1200x1500.jpg'[39m,
    alt: [32m''[39m,
    complete: [33mtrue[39m,
    naturalWidth: [33m1200[39m,
    naturalHeight: [33m1500[39m
  },
  {
    src: [32m'https://www.saucedemo.com/v1/img/bolt-shirt-1200x1500.jpg'[39m,
    alt: [32m''[39m,
    complete: [33mtrue[39m,
    naturalWidth: [33m1200[39m,
    naturalHeight: [33m1500[39m
  },
  {
    src: [32m'https://www.saucedemo.com/v1/img/sauce-pullover-1200x1500.jpg'[39m,
    alt: [32m''[39m,
    complete: [33mtrue[39m,
    naturalWidth: [33m1200[39m,
    naturalHeight: [33m1500[39m
  },
  {
    src: [32m'https://www.saucedemo.com/v1/img/red-onesie-1200x1500.jpg'[39m,
    alt: [32m''[39m,
    complete: [33mtrue[39m,
    naturalWidth: [33m1200[39m,
    naturalHeight: [33m1500[39m
  },
  {
    src: [32m'https://www.saucedemo.com/v1/img/red-tatt-1200x1500.jpg'[39m,
    alt: [32m''[39m,
    complete: [33mtrue[39m,
    naturalWidth: [33m1200[39m,
    naturalHeight: [33m1500[39m
  }
]
All images loaded: [33mtrue[39m
All product images loaded successfully
]]>
</system-out>
</testcase>
</testsuite>
</testsuites>